2022-09-28 14:58:16 notice: Notice (8): Undefined variable: status in [C:\xampp\htdocs\app\src\Controller\PostsController.php, line 11]
Request URL: /
Referer URL: http://localhost:8765/posts/edit/1
Trace:
Cake\Error\BaseErrorHandler::handleError() - CORE\src\Error\BaseErrorHandler.php, line 191
App\Controller\PostsController::index() - APP/Controller\PostsController.php, line 11
Cake\Controller\Controller::invokeAction() - CORE\src\Controller\Controller.php, line 547
Cake\Controller\ControllerFactory::handle() - CORE\src\Controller\ControllerFactory.php, line 139
Cake\Controller\ControllerFactory::invoke() - CORE\src\Controller\ControllerFactory.php, line 114
Cake\Http\BaseApplication::handle() - CORE\src\Http\BaseApplication.php, line 320
Cake\Http\Runner::handle() - CORE\src\Http\Runner.php, line 77
Cake\Http\Runner::handle() - CORE\src\Http\Runner.php, line 77
Cake\Http\Middleware\CsrfProtectionMiddleware::process() - CORE\src\Http\Middleware\CsrfProtectionMiddleware.php, line 174
Cake\Http\Runner::handle() - CORE\src\Http\Runner.php, line 73
Cake\Http\Runner::run() - CORE\src\Http\Runner.php, line 58
Cake\Routing\Middleware\RoutingMiddleware::process() - CORE\src\Routing\Middleware\RoutingMiddleware.php, line 192
Cake\Http\Runner::handle() - CORE\src\Http\Runner.php, line 73
Cake\Routing\Middleware\AssetMiddleware::process() - CORE\src\Routing\Middleware\AssetMiddleware.php, line 68
Cake\Http\Runner::handle() - CORE\src\Http\Runner.php, line 73
Cake\Error\Middleware\ErrorHandlerMiddleware::process() - CORE\src\Error\Middleware\ErrorHandlerMiddleware.php, line 131
Cake\Http\Runner::handle() - CORE\src\Http\Runner.php, line 73
DebugKit\Middleware\DebugKitMiddleware::process() - ROOT\vendor\cakephp\debug_kit\src\Middleware\DebugKitMiddleware.php, line 60
Cake\Http\Runner::handle() - CORE\src\Http\Runner.php, line 73
Cake\Http\Runner::run() - CORE\src\Http\Runner.php, line 58
Cake\Http\Server::run() - CORE\src\Http\Server.php, line 90
[main] - ROOT\webroot\index.php, line 40

2022-09-28 15:12:26 notice: Notice (8): Undefined variable: Posts in [C:\xampp\htdocs\app\src\Controller\PostsController.php, line 15]
Request URL: /
Referer URL: http://localhost:8765/posts/edit/1
Trace:
Cake\Error\BaseErrorHandler::handleError() - CORE\src\Error\BaseErrorHandler.php, line 191
App\Controller\PostsController::index() - APP/Controller\PostsController.php, line 15
Cake\Controller\Controller::invokeAction() - CORE\src\Controller\Controller.php, line 547
Cake\Controller\ControllerFactory::handle() - CORE\src\Controller\ControllerFactory.php, line 139
Cake\Controller\ControllerFactory::invoke() - CORE\src\Controller\ControllerFactory.php, line 114
Cake\Http\BaseApplication::handle() - CORE\src\Http\BaseApplication.php, line 320
Cake\Http\Runner::handle() - CORE\src\Http\Runner.php, line 77
Cake\Http\Runner::handle() - CORE\src\Http\Runner.php, line 77
Cake\Http\Middleware\CsrfProtectionMiddleware::process() - CORE\src\Http\Middleware\CsrfProtectionMiddleware.php, line 174
Cake\Http\Runner::handle() - CORE\src\Http\Runner.php, line 73
Cake\Http\Runner::run() - CORE\src\Http\Runner.php, line 58
Cake\Routing\Middleware\RoutingMiddleware::process() - CORE\src\Routing\Middleware\RoutingMiddleware.php, line 192
Cake\Http\Runner::handle() - CORE\src\Http\Runner.php, line 73
Cake\Routing\Middleware\AssetMiddleware::process() - CORE\src\Routing\Middleware\AssetMiddleware.php, line 68
Cake\Http\Runner::handle() - CORE\src\Http\Runner.php, line 73
Cake\Error\Middleware\ErrorHandlerMiddleware::process() - CORE\src\Error\Middleware\ErrorHandlerMiddleware.php, line 131
Cake\Http\Runner::handle() - CORE\src\Http\Runner.php, line 73
DebugKit\Middleware\DebugKitMiddleware::process() - ROOT\vendor\cakephp\debug_kit\src\Middleware\DebugKitMiddleware.php, line 60
Cake\Http\Runner::handle() - CORE\src\Http\Runner.php, line 73
Cake\Http\Runner::run() - CORE\src\Http\Runner.php, line 58
Cake\Http\Server::run() - CORE\src\Http\Server.php, line 90
[main] - ROOT\webroot\index.php, line 40

2022-09-28 15:13:14 notice: Notice (8): Undefined index: pageCount in [C:\xampp\htdocs\app\vendor\cakephp\cakephp\src\View\Helper\PaginatorHelper.php, line 1046]
Request URL: /
Referer URL: http://localhost:8765/posts/edit/1
Trace:
Cake\Error\BaseErrorHandler::handleError() - CORE\src\Error\BaseErrorHandler.php, line 191
Cake\View\Helper\PaginatorHelper::first() - CORE\src\View\Helper\PaginatorHelper.php, line 1046
include - ROOT\templates\Posts\index.php, line 53
Cake\View\View::_evaluate() - CORE\src\View\View.php, line 1220
Cake\View\View::_render() - CORE\src\View\View.php, line 1177
Cake\View\View::render() - CORE\src\View\View.php, line 808
Cake\Controller\Controller::render() - CORE\src\Controller\Controller.php, line 773
Cake\Controller\Controller::invokeAction() - CORE\src\Controller\Controller.php, line 556
Cake\Controller\ControllerFactory::handle() - CORE\src\Controller\ControllerFactory.php, line 139
Cake\Controller\ControllerFactory::invoke() - CORE\src\Controller\ControllerFactory.php, line 114
Cake\Http\BaseApplication::handle() - CORE\src\Http\BaseApplication.php, line 320
Cake\Http\Runner::handle() - CORE\src\Http\Runner.php, line 77
Cake\Http\Runner::handle() - CORE\src\Http\Runner.php, line 77
Cake\Http\Middleware\CsrfProtectionMiddleware::process() - CORE\src\Http\Middleware\CsrfProtectionMiddleware.php, line 174
Cake\Http\Runner::handle() - CORE\src\Http\Runner.php, line 73
Cake\Http\Runner::run() - CORE\src\Http\Runner.php, line 58
Cake\Routing\Middleware\RoutingMiddleware::process() - CORE\src\Routing\Middleware\RoutingMiddleware.php, line 192
Cake\Http\Runner::handle() - CORE\src\Http\Runner.php, line 73
Cake\Routing\Middleware\AssetMiddleware::process() - CORE\src\Routing\Middleware\AssetMiddleware.php, line 68
Cake\Http\Runner::handle() - CORE\src\Http\Runner.php, line 73
Cake\Error\Middleware\ErrorHandlerMiddleware::process() - CORE\src\Error\Middleware\ErrorHandlerMiddleware.php, line 131
Cake\Http\Runner::handle() - CORE\src\Http\Runner.php, line 73
DebugKit\Middleware\DebugKitMiddleware::process() - ROOT\vendor\cakephp\debug_kit\src\Middleware\DebugKitMiddleware.php, line 60
Cake\Http\Runner::handle() - CORE\src\Http\Runner.php, line 73
Cake\Http\Runner::run() - CORE\src\Http\Runner.php, line 58
Cake\Http\Server::run() - CORE\src\Http\Server.php, line 90
[main] - ROOT\webroot\index.php, line 40

2022-09-28 15:13:14 notice: Notice (8): Undefined index: pageCount in [C:\xampp\htdocs\app\vendor\cakephp\cakephp\src\View\Helper\PaginatorHelper.php, line 790]
Request URL: /
Referer URL: http://localhost:8765/posts/edit/1
Trace:
Cake\Error\BaseErrorHandler::handleError() - CORE\src\Error\BaseErrorHandler.php, line 191
Cake\View\Helper\PaginatorHelper::numbers() - CORE\src\View\Helper\PaginatorHelper.php, line 790
include - ROOT\templates\Posts\index.php, line 57
Cake\View\View::_evaluate() - CORE\src\View\View.php, line 1220
Cake\View\View::_render() - CORE\src\View\View.php, line 1177
Cake\View\View::render() - CORE\src\View\View.php, line 808
Cake\Controller\Controller::render() - CORE\src\Controller\Controller.php, line 773
Cake\Controller\Controller::invokeAction() - CORE\src\Controller\Controller.php, line 556
Cake\Controller\ControllerFactory::handle() - CORE\src\Controller\ControllerFactory.php, line 139
Cake\Controller\ControllerFactory::invoke() - CORE\src\Controller\ControllerFactory.php, line 114
Cake\Http\BaseApplication::handle() - CORE\src\Http\BaseApplication.php, line 320
Cake\Http\Runner::handle() - CORE\src\Http\Runner.php, line 77
Cake\Http\Runner::handle() - CORE\src\Http\Runner.php, line 77
Cake\Http\Middleware\CsrfProtectionMiddleware::process() - CORE\src\Http\Middleware\CsrfProtectionMiddleware.php, line 174
Cake\Http\Runner::handle() - CORE\src\Http\Runner.php, line 73
Cake\Http\Runner::run() - CORE\src\Http\Runner.php, line 58
Cake\Routing\Middleware\RoutingMiddleware::process() - CORE\src\Routing\Middleware\RoutingMiddleware.php, line 192
Cake\Http\Runner::handle() - CORE\src\Http\Runner.php, line 73
Cake\Routing\Middleware\AssetMiddleware::process() - CORE\src\Routing\Middleware\AssetMiddleware.php, line 68
Cake\Http\Runner::handle() - CORE\src\Http\Runner.php, line 73
Cake\Error\Middleware\ErrorHandlerMiddleware::process() - CORE\src\Error\Middleware\ErrorHandlerMiddleware.php, line 131
Cake\Http\Runner::handle() - CORE\src\Http\Runner.php, line 73
DebugKit\Middleware\DebugKitMiddleware::process() - ROOT\vendor\cakephp\debug_kit\src\Middleware\DebugKitMiddleware.php, line 60
Cake\Http\Runner::handle() - CORE\src\Http\Runner.php, line 73
Cake\Http\Runner::run() - CORE\src\Http\Runner.php, line 58
Cake\Http\Server::run() - CORE\src\Http\Server.php, line 90
[main] - ROOT\webroot\index.php, line 40

2022-09-28 15:13:14 notice: Notice (8): Undefined index: pageCount in [C:\xampp\htdocs\app\vendor\cakephp\cakephp\src\View\Helper\PaginatorHelper.php, line 1105]
Request URL: /
Referer URL: http://localhost:8765/posts/edit/1
Trace:
Cake\Error\BaseErrorHandler::handleError() - CORE\src\Error\BaseErrorHandler.php, line 191
Cake\View\Helper\PaginatorHelper::last() - CORE\src\View\Helper\PaginatorHelper.php, line 1105
include - ROOT\templates\Posts\index.php, line 61
Cake\View\View::_evaluate() - CORE\src\View\View.php, line 1220
Cake\View\View::_render() - CORE\src\View\View.php, line 1177
Cake\View\View::render() - CORE\src\View\View.php, line 808
Cake\Controller\Controller::render() - CORE\src\Controller\Controller.php, line 773
Cake\Controller\Controller::invokeAction() - CORE\src\Controller\Controller.php, line 556
Cake\Controller\ControllerFactory::handle() - CORE\src\Controller\ControllerFactory.php, line 139
Cake\Controller\ControllerFactory::invoke() - CORE\src\Controller\ControllerFactory.php, line 114
Cake\Http\BaseApplication::handle() - CORE\src\Http\BaseApplication.php, line 320
Cake\Http\Runner::handle() - CORE\src\Http\Runner.php, line 77
Cake\Http\Runner::handle() - CORE\src\Http\Runner.php, line 77
Cake\Http\Middleware\CsrfProtectionMiddleware::process() - CORE\src\Http\Middleware\CsrfProtectionMiddleware.php, line 174
Cake\Http\Runner::handle() - CORE\src\Http\Runner.php, line 73
Cake\Http\Runner::run() - CORE\src\Http\Runner.php, line 58
Cake\Routing\Middleware\RoutingMiddleware::process() - CORE\src\Routing\Middleware\RoutingMiddleware.php, line 192
Cake\Http\Runner::handle() - CORE\src\Http\Runner.php, line 73
Cake\Routing\Middleware\AssetMiddleware::process() - CORE\src\Routing\Middleware\AssetMiddleware.php, line 68
Cake\Http\Runner::handle() - CORE\src\Http\Runner.php, line 73
Cake\Error\Middleware\ErrorHandlerMiddleware::process() - CORE\src\Error\Middleware\ErrorHandlerMiddleware.php, line 131
Cake\Http\Runner::handle() - CORE\src\Http\Runner.php, line 73
DebugKit\Middleware\DebugKitMiddleware::process() - ROOT\vendor\cakephp\debug_kit\src\Middleware\DebugKitMiddleware.php, line 60
Cake\Http\Runner::handle() - CORE\src\Http\Runner.php, line 73
Cake\Http\Runner::run() - CORE\src\Http\Runner.php, line 58
Cake\Http\Server::run() - CORE\src\Http\Server.php, line 90
[main] - ROOT\webroot\index.php, line 40

2022-09-28 15:13:30 notice: Notice (8): Undefined index: pageCount in [C:\xampp\htdocs\app\vendor\cakephp\cakephp\src\View\Helper\PaginatorHelper.php, line 1046]
Request URL: /
Referer URL: http://localhost:8765/posts/edit/1
Trace:
Cake\Error\BaseErrorHandler::handleError() - CORE\src\Error\BaseErrorHandler.php, line 191
Cake\View\Helper\PaginatorHelper::first() - CORE\src\View\Helper\PaginatorHelper.php, line 1046
include - ROOT\templates\Posts\index.php, line 53
Cake\View\View::_evaluate() - CORE\src\View\View.php, line 1220
Cake\View\View::_render() - CORE\src\View\View.php, line 1177
Cake\View\View::render() - CORE\src\View\View.php, line 808
Cake\Controller\Controller::render() - CORE\src\Controller\Controller.php, line 773
Cake\Controller\Controller::invokeAction() - CORE\src\Controller\Controller.php, line 556
Cake\Controller\ControllerFactory::handle() - CORE\src\Controller\ControllerFactory.php, line 139
Cake\Controller\ControllerFactory::invoke() - CORE\src\Controller\ControllerFactory.php, line 114
Cake\Http\BaseApplication::handle() - CORE\src\Http\BaseApplication.php, line 320
Cake\Http\Runner::handle() - CORE\src\Http\Runner.php, line 77
Cake\Http\Runner::handle() - CORE\src\Http\Runner.php, line 77
Cake\Http\Middleware\CsrfProtectionMiddleware::process() - CORE\src\Http\Middleware\CsrfProtectionMiddleware.php, line 174
Cake\Http\Runner::handle() - CORE\src\Http\Runner.php, line 73
Cake\Http\Runner::run() - CORE\src\Http\Runner.php, line 58
Cake\Routing\Middleware\RoutingMiddleware::process() - CORE\src\Routing\Middleware\RoutingMiddleware.php, line 192
Cake\Http\Runner::handle() - CORE\src\Http\Runner.php, line 73
Cake\Routing\Middleware\AssetMiddleware::process() - CORE\src\Routing\Middleware\AssetMiddleware.php, line 68
Cake\Http\Runner::handle() - CORE\src\Http\Runner.php, line 73
Cake\Error\Middleware\ErrorHandlerMiddleware::process() - CORE\src\Error\Middleware\ErrorHandlerMiddleware.php, line 131
Cake\Http\Runner::handle() - CORE\src\Http\Runner.php, line 73
DebugKit\Middleware\DebugKitMiddleware::process() - ROOT\vendor\cakephp\debug_kit\src\Middleware\DebugKitMiddleware.php, line 60
Cake\Http\Runner::handle() - CORE\src\Http\Runner.php, line 73
Cake\Http\Runner::run() - CORE\src\Http\Runner.php, line 58
Cake\Http\Server::run() - CORE\src\Http\Server.php, line 90
[main] - ROOT\webroot\index.php, line 40

2022-09-28 15:13:30 notice: Notice (8): Undefined index: pageCount in [C:\xampp\htdocs\app\vendor\cakephp\cakephp\src\View\Helper\PaginatorHelper.php, line 790]
Request URL: /
Referer URL: http://localhost:8765/posts/edit/1
Trace:
Cake\Error\BaseErrorHandler::handleError() - CORE\src\Error\BaseErrorHandler.php, line 191
Cake\View\Helper\PaginatorHelper::numbers() - CORE\src\View\Helper\PaginatorHelper.php, line 790
include - ROOT\templates\Posts\index.php, line 57
Cake\View\View::_evaluate() - CORE\src\View\View.php, line 1220
Cake\View\View::_render() - CORE\src\View\View.php, line 1177
Cake\View\View::render() - CORE\src\View\View.php, line 808
Cake\Controller\Controller::render() - CORE\src\Controller\Controller.php, line 773
Cake\Controller\Controller::invokeAction() - CORE\src\Controller\Controller.php, line 556
Cake\Controller\ControllerFactory::handle() - CORE\src\Controller\ControllerFactory.php, line 139
Cake\Controller\ControllerFactory::invoke() - CORE\src\Controller\ControllerFactory.php, line 114
Cake\Http\BaseApplication::handle() - CORE\src\Http\BaseApplication.php, line 320
Cake\Http\Runner::handle() - CORE\src\Http\Runner.php, line 77
Cake\Http\Runner::handle() - CORE\src\Http\Runner.php, line 77
Cake\Http\Middleware\CsrfProtectionMiddleware::process() - CORE\src\Http\Middleware\CsrfProtectionMiddleware.php, line 174
Cake\Http\Runner::handle() - CORE\src\Http\Runner.php, line 73
Cake\Http\Runner::run() - CORE\src\Http\Runner.php, line 58
Cake\Routing\Middleware\RoutingMiddleware::process() - CORE\src\Routing\Middleware\RoutingMiddleware.php, line 192
Cake\Http\Runner::handle() - CORE\src\Http\Runner.php, line 73
Cake\Routing\Middleware\AssetMiddleware::process() - CORE\src\Routing\Middleware\AssetMiddleware.php, line 68
Cake\Http\Runner::handle() - CORE\src\Http\Runner.php, line 73
Cake\Error\Middleware\ErrorHandlerMiddleware::process() - CORE\src\Error\Middleware\ErrorHandlerMiddleware.php, line 131
Cake\Http\Runner::handle() - CORE\src\Http\Runner.php, line 73
DebugKit\Middleware\DebugKitMiddleware::process() - ROOT\vendor\cakephp\debug_kit\src\Middleware\DebugKitMiddleware.php, line 60
Cake\Http\Runner::handle() - CORE\src\Http\Runner.php, line 73
Cake\Http\Runner::run() - CORE\src\Http\Runner.php, line 58
Cake\Http\Server::run() - CORE\src\Http\Server.php, line 90
[main] - ROOT\webroot\index.php, line 40

2022-09-28 15:13:30 notice: Notice (8): Undefined index: pageCount in [C:\xampp\htdocs\app\vendor\cakephp\cakephp\src\View\Helper\PaginatorHelper.php, line 1105]
Request URL: /
Referer URL: http://localhost:8765/posts/edit/1
Trace:
Cake\Error\BaseErrorHandler::handleError() - CORE\src\Error\BaseErrorHandler.php, line 191
Cake\View\Helper\PaginatorHelper::last() - CORE\src\View\Helper\PaginatorHelper.php, line 1105
include - ROOT\templates\Posts\index.php, line 61
Cake\View\View::_evaluate() - CORE\src\View\View.php, line 1220
Cake\View\View::_render() - CORE\src\View\View.php, line 1177
Cake\View\View::render() - CORE\src\View\View.php, line 808
Cake\Controller\Controller::render() - CORE\src\Controller\Controller.php, line 773
Cake\Controller\Controller::invokeAction() - CORE\src\Controller\Controller.php, line 556
Cake\Controller\ControllerFactory::handle() - CORE\src\Controller\ControllerFactory.php, line 139
Cake\Controller\ControllerFactory::invoke() - CORE\src\Controller\ControllerFactory.php, line 114
Cake\Http\BaseApplication::handle() - CORE\src\Http\BaseApplication.php, line 320
Cake\Http\Runner::handle() - CORE\src\Http\Runner.php, line 77
Cake\Http\Runner::handle() - CORE\src\Http\Runner.php, line 77
Cake\Http\Middleware\CsrfProtectionMiddleware::process() - CORE\src\Http\Middleware\CsrfProtectionMiddleware.php, line 174
Cake\Http\Runner::handle() - CORE\src\Http\Runner.php, line 73
Cake\Http\Runner::run() - CORE\src\Http\Runner.php, line 58
Cake\Routing\Middleware\RoutingMiddleware::process() - CORE\src\Routing\Middleware\RoutingMiddleware.php, line 192
Cake\Http\Runner::handle() - CORE\src\Http\Runner.php, line 73
Cake\Routing\Middleware\AssetMiddleware::process() - CORE\src\Routing\Middleware\AssetMiddleware.php, line 68
Cake\Http\Runner::handle() - CORE\src\Http\Runner.php, line 73
Cake\Error\Middleware\ErrorHandlerMiddleware::process() - CORE\src\Error\Middleware\ErrorHandlerMiddleware.php, line 131
Cake\Http\Runner::handle() - CORE\src\Http\Runner.php, line 73
DebugKit\Middleware\DebugKitMiddleware::process() - ROOT\vendor\cakephp\debug_kit\src\Middleware\DebugKitMiddleware.php, line 60
Cake\Http\Runner::handle() - CORE\src\Http\Runner.php, line 73
Cake\Http\Runner::run() - CORE\src\Http\Runner.php, line 58
Cake\Http\Server::run() - CORE\src\Http\Server.php, line 90
[main] - ROOT\webroot\index.php, line 40

2022-09-28 15:37:57 notice: Notice (8): Undefined variable: postsImage in [C:\xampp\htdocs\app\src\Controller\PostsController.php, line 38]
Request URL: /posts/add
Referer URL: http://localhost:8765/posts/add
Trace:
Cake\Error\BaseErrorHandler::handleError() - CORE\src\Error\BaseErrorHandler.php, line 191
App\Controller\PostsController::add() - APP/Controller\PostsController.php, line 38
Cake\Controller\Controller::invokeAction() - CORE\src\Controller\Controller.php, line 547
Cake\Controller\ControllerFactory::handle() - CORE\src\Controller\ControllerFactory.php, line 139
Cake\Controller\ControllerFactory::invoke() - CORE\src\Controller\ControllerFactory.php, line 114
Cake\Http\BaseApplication::handle() - CORE\src\Http\BaseApplication.php, line 320
Cake\Http\Runner::handle() - CORE\src\Http\Runner.php, line 77
Cake\Http\Runner::handle() - CORE\src\Http\Runner.php, line 77
Cake\Http\Middleware\CsrfProtectionMiddleware::process() - CORE\src\Http\Middleware\CsrfProtectionMiddleware.php, line 174
Cake\Http\Runner::handle() - CORE\src\Http\Runner.php, line 73
Cake\Http\Runner::run() - CORE\src\Http\Runner.php, line 58
Cake\Routing\Middleware\RoutingMiddleware::process() - CORE\src\Routing\Middleware\RoutingMiddleware.php, line 192
Cake\Http\Runner::handle() - CORE\src\Http\Runner.php, line 73
Cake\Routing\Middleware\AssetMiddleware::process() - CORE\src\Routing\Middleware\AssetMiddleware.php, line 68
Cake\Http\Runner::handle() - CORE\src\Http\Runner.php, line 73
Cake\Error\Middleware\ErrorHandlerMiddleware::process() - CORE\src\Error\Middleware\ErrorHandlerMiddleware.php, line 131
Cake\Http\Runner::handle() - CORE\src\Http\Runner.php, line 73
DebugKit\Middleware\DebugKitMiddleware::process() - ROOT\vendor\cakephp\debug_kit\src\Middleware\DebugKitMiddleware.php, line 60
Cake\Http\Runner::handle() - CORE\src\Http\Runner.php, line 73
Cake\Http\Runner::run() - CORE\src\Http\Runner.php, line 58
Cake\Http\Server::run() - CORE\src\Http\Server.php, line 90
[main] - ROOT\webroot\index.php, line 40

